<?xml version="1.0" encoding="UTF-8"?>
<!-- Generated by org.testng.reporters.JUnitXMLReporter -->
<testsuite ignored="1" hostname="L75013" failures="0" tests="5" name="Default test" time="23.031" errors="0" timestamp="2025-12-17T19:29:59 IST">
  <testcase classname="seleniumFrameworkDesign.Tests.SubmitOrderTest" name="test" time="0.007"/>
  <testcase classname="seleniumFrameworkDesign.Tests.SubmitOrderTest" name="test" time="0.002"/>
  <testcase classname="seleniumFrameworkDesign.Tests.SubmitOrderTest" name="test" time="0.0"/>
  <testcase classname="seleniumFrameworkDesign.Tests.SubmitOrderTest" name="test" time="0.002"/>
  <testcase classname="seleniumFrameworkDesign.Tests.SubmitOrderTest" name="test" time="0.001"/>
  <testcase classname="seleniumFrameworkDesign.Tests.SubmitOrderTest" name="addProductToCart" time="0.0">
    <ignored/>
  </testcase> <!-- addProductToCart -->
</testsuite> <!-- Default test -->
