<?xml version="1.0" encoding="UTF-8"?>
<!-- Generated by org.testng.reporters.JUnitXMLReporter -->
<testsuite ignored="0" hostname="L75013" failures="1" tests="3" name="Error Validation" time="16.863" errors="0" timestamp="2025-12-20T18:57:45 IST">
  <testcase classname="seleniumFrameworkDesign.Tests.ErrorValidationTest" name="invalidEmail" time="0.907">
    <skipped/>
  </testcase> <!-- invalidEmail -->
  <testcase classname="seleniumFrameworkDesign.Tests.ErrorValidationTest" name="invalidEmail" time="0.883">
    <failure type="java.lang.AssertionError" message="expected [Incorrect email or password. ] but found [Incorrect email or password.]">
      <![CDATA[java.lang.AssertionError: expected [Incorrect email or password. ] but found [Incorrect email or password.]
at seleniumFrameworkDesign.Tests.ErrorValidationTest.invalidEmail(ErrorValidationTest.java:22)
at java.base/java.util.ArrayList.forEach(ArrayList.java:1596)
at java.base/java.util.concurrent.FutureTask.run(FutureTask.java:317)
at java.base/java.util.concurrent.ThreadPoolExecutor.runWorker(ThreadPoolExecutor.java:1144)
at java.base/java.util.concurrent.ThreadPoolExecutor$Worker.run(ThreadPoolExecutor.java:642)
at java.base/java.lang.Thread.run(Thread.java:1583)
... Removed 21 stack frames]]>
    </failure>
  </testcase> <!-- invalidEmail -->
  <testcase classname="seleniumFrameworkDesign.Tests.ErrorValidationTest" name="invalidPassword" time="0.377"/>
</testsuite> <!-- Error Validation -->
