<?xml version="1.0" encoding="UTF-8"?>
<!-- Generated by org.testng.reporters.JUnitXMLReporter -->
<testsuite ignored="0" hostname="L75013" failures="0" tests="2" name="Error Validation" time="9.794" errors="0" timestamp="2025-12-12T18:08:24 IST">
  <testcase classname="seleniumFrameworkDesign.Tests.ErrorValidationTest" name="invalidEmail" time="0.432"/>
  <testcase classname="seleniumFrameworkDesign.Tests.ErrorValidationTest" name="invalidPassword" time="0.919"/>
</testsuite> <!-- Error Validation -->
