<?xml version="1.0" encoding="UTF-8"?>
<testng-results ignored="0" total="2" passed="2" failed="0" skipped="0">
  <reporter-output>
  </reporter-output>
  <suite started-at="2025-12-12T18:08:14 IST" name="Suite" finished-at="2025-12-12T18:08:24 IST" duration-ms="9794">
    <groups>
      <group name="errorHandling">
        <method signature="ErrorValidationTest.invalidEmail()[pri:0, instance:seleniumFrameworkDesign.Tests.ErrorValidationTest@201a4587]" name="invalidEmail" class="seleniumFrameworkDesign.Tests.ErrorValidationTest"/>
        <method signature="ErrorValidationTest.invalidPassword()[pri:0, instance:seleniumFrameworkDesign.Tests.ErrorValidationTest@201a4587]" name="invalidPassword" class="seleniumFrameworkDesign.Tests.ErrorValidationTest"/>
      </group> <!-- errorHandling -->
    </groups>
    <test started-at="2025-12-12T18:08:14 IST" name="Error Validation" finished-at="2025-12-12T18:08:24 IST" duration-ms="9794">
      <class name="seleniumFrameworkDesign.Tests.ErrorValidationTest">
        <test-method is-config="true" signature="launchApplication()[pri:0, instance:seleniumFrameworkDesign.Tests.ErrorValidationTest@201a4587]" started-at="2025-12-12T18:08:14 IST" name="launchApplication" finished-at="2025-12-12T18:08:18 IST" duration-ms="4510" status="PASS">
          <reporter-output>
          </reporter-output>
        </test-method> <!-- launchApplication -->
        <test-method signature="invalidEmail()[pri:0, instance:seleniumFrameworkDesign.Tests.ErrorValidationTest@201a4587]" started-at="2025-12-12T18:08:18 IST" name="invalidEmail" finished-at="2025-12-12T18:08:19 IST" duration-ms="432" status="PASS">
          <reporter-output>
          </reporter-output>
        </test-method> <!-- invalidEmail -->
        <test-method is-config="true" signature="closeApplication()[pri:0, instance:seleniumFrameworkDesign.Tests.ErrorValidationTest@201a4587]" started-at="2025-12-12T18:08:19 IST" name="closeApplication" finished-at="2025-12-12T18:08:19 IST" duration-ms="269" status="PASS">
          <reporter-output>
          </reporter-output>
        </test-method> <!-- closeApplication -->
        <test-method is-config="true" signature="launchApplication()[pri:0, instance:seleniumFrameworkDesign.Tests.ErrorValidationTest@201a4587]" started-at="2025-12-12T18:08:19 IST" name="launchApplication" finished-at="2025-12-12T18:08:22 IST" duration-ms="3409" status="PASS">
          <reporter-output>
          </reporter-output>
        </test-method> <!-- launchApplication -->
        <test-method signature="invalidPassword()[pri:0, instance:seleniumFrameworkDesign.Tests.ErrorValidationTest@201a4587]" started-at="2025-12-12T18:08:22 IST" name="invalidPassword" finished-at="2025-12-12T18:08:23 IST" duration-ms="919" status="PASS">
          <reporter-output>
          </reporter-output>
        </test-method> <!-- invalidPassword -->
        <test-method is-config="true" signature="closeApplication()[pri:0, instance:seleniumFrameworkDesign.Tests.ErrorValidationTest@201a4587]" started-at="2025-12-12T18:08:23 IST" name="closeApplication" finished-at="2025-12-12T18:08:24 IST" duration-ms="219" status="PASS">
          <reporter-output>
          </reporter-output>
        </test-method> <!-- closeApplication -->
      </class> <!-- seleniumFrameworkDesign.Tests.ErrorValidationTest -->
    </test> <!-- Error Validation -->
  </suite> <!-- Suite -->
</testng-results>
