<?xml version="1.0" encoding="UTF-8"?>
<testng-results ignored="1" total="6" passed="5" failed="0" skipped="0">
  <reporter-output>
  </reporter-output>
  <suite started-at="2025-12-17T19:29:36 IST" name="Default suite" finished-at="2025-12-17T19:29:59 IST" duration-ms="23031">
    <groups>
    </groups>
    <test started-at="2025-12-17T19:29:36 IST" name="Default test" finished-at="2025-12-17T19:29:59 IST" duration-ms="23031">
      <class name="seleniumFrameworkDesign.Tests.SubmitOrderTest">
        <test-method is-config="true" signature="launchApplication()[pri:0, instance:seleniumFrameworkDesign.Tests.SubmitOrderTest@7eac9008]" started-at="2025-12-17T19:29:37 IST" name="launchApplication" finished-at="2025-12-17T19:29:42 IST" duration-ms="4937" status="PASS">
          <reporter-output>
          </reporter-output>
        </test-method> <!-- launchApplication -->
        <test-method signature="test(java.util.HashMap)[pri:0, instance:seleniumFrameworkDesign.Tests.SubmitOrderTest@7eac9008]" started-at="2025-12-17T19:29:42 IST" name="test" data-provider="getDataFromExcel" finished-at="2025-12-17T19:29:42 IST" duration-ms="7" status="PASS">
          <params>
            <param index="0">
              <value>
                <![CDATA[{password=1, email=pankil@gmail.com, productName=ZARA COAT 3}]]>
              </value>
            </param>
          </params>
          <reporter-output>
          </reporter-output>
        </test-method> <!-- test -->
        <test-method is-config="true" signature="closeApplication()[pri:0, instance:seleniumFrameworkDesign.Tests.SubmitOrderTest@7eac9008]" started-at="2025-12-17T19:29:42 IST" name="closeApplication" finished-at="2025-12-17T19:29:42 IST" duration-ms="204" status="PASS">
          <reporter-output>
          </reporter-output>
        </test-method> <!-- closeApplication -->
        <test-method is-config="true" signature="launchApplication()[pri:0, instance:seleniumFrameworkDesign.Tests.SubmitOrderTest@7eac9008]" started-at="2025-12-17T19:29:42 IST" name="launchApplication" finished-at="2025-12-17T19:29:45 IST" duration-ms="3306" status="PASS">
          <reporter-output>
          </reporter-output>
        </test-method> <!-- launchApplication -->
        <test-method signature="test(java.util.HashMap)[pri:0, instance:seleniumFrameworkDesign.Tests.SubmitOrderTest@7eac9008]" started-at="2025-12-17T19:29:45 IST" name="test" data-provider="getDataFromExcel" finished-at="2025-12-17T19:29:45 IST" duration-ms="2" status="PASS">
          <params>
            <param index="0">
              <value>
                <![CDATA[{password=2, email=pankil@gmail.com, productName=ZARA COAT 3}]]>
              </value>
            </param>
          </params>
          <reporter-output>
          </reporter-output>
        </test-method> <!-- test -->
        <test-method is-config="true" signature="closeApplication()[pri:0, instance:seleniumFrameworkDesign.Tests.SubmitOrderTest@7eac9008]" started-at="2025-12-17T19:29:45 IST" name="closeApplication" finished-at="2025-12-17T19:29:46 IST" duration-ms="223" status="PASS">
          <reporter-output>
          </reporter-output>
        </test-method> <!-- closeApplication -->
        <test-method is-config="true" signature="launchApplication()[pri:0, instance:seleniumFrameworkDesign.Tests.SubmitOrderTest@7eac9008]" started-at="2025-12-17T19:29:46 IST" name="launchApplication" finished-at="2025-12-17T19:29:51 IST" duration-ms="5325" status="PASS">
          <reporter-output>
          </reporter-output>
        </test-method> <!-- launchApplication -->
        <test-method signature="test(java.util.HashMap)[pri:0, instance:seleniumFrameworkDesign.Tests.SubmitOrderTest@7eac9008]" started-at="2025-12-17T19:29:51 IST" name="test" data-provider="getDataFromExcel" finished-at="2025-12-17T19:29:51 IST" duration-ms="0" status="PASS">
          <params>
            <param index="0">
              <value>
                <![CDATA[{password=3, email=pankil@gmail, productName=ZARA COAT 3}]]>
              </value>
            </param>
          </params>
          <reporter-output>
          </reporter-output>
        </test-method> <!-- test -->
        <test-method is-config="true" signature="closeApplication()[pri:0, instance:seleniumFrameworkDesign.Tests.SubmitOrderTest@7eac9008]" started-at="2025-12-17T19:29:51 IST" name="closeApplication" finished-at="2025-12-17T19:29:51 IST" duration-ms="200" status="PASS">
          <reporter-output>
          </reporter-output>
        </test-method> <!-- closeApplication -->
        <test-method is-config="true" signature="launchApplication()[pri:0, instance:seleniumFrameworkDesign.Tests.SubmitOrderTest@7eac9008]" started-at="2025-12-17T19:29:51 IST" name="launchApplication" finished-at="2025-12-17T19:29:56 IST" duration-ms="4478" status="PASS">
          <reporter-output>
          </reporter-output>
        </test-method> <!-- launchApplication -->
        <test-method signature="test(java.util.HashMap)[pri:0, instance:seleniumFrameworkDesign.Tests.SubmitOrderTest@7eac9008]" started-at="2025-12-17T19:29:56 IST" name="test" data-provider="getDataFromExcel" finished-at="2025-12-17T19:29:56 IST" duration-ms="2" status="PASS">
          <params>
            <param index="0">
              <value>
                <![CDATA[{password=Pass@12345, email=pankil, productName=ZARA COAT 3}]]>
              </value>
            </param>
          </params>
          <reporter-output>
          </reporter-output>
        </test-method> <!-- test -->
        <test-method is-config="true" signature="closeApplication()[pri:0, instance:seleniumFrameworkDesign.Tests.SubmitOrderTest@7eac9008]" started-at="2025-12-17T19:29:56 IST" name="closeApplication" finished-at="2025-12-17T19:29:56 IST" duration-ms="199" status="PASS">
          <reporter-output>
          </reporter-output>
        </test-method> <!-- closeApplication -->
        <test-method is-config="true" signature="launchApplication()[pri:0, instance:seleniumFrameworkDesign.Tests.SubmitOrderTest@7eac9008]" started-at="2025-12-17T19:29:56 IST" name="launchApplication" finished-at="2025-12-17T19:29:59 IST" duration-ms="3209" status="PASS">
          <reporter-output>
          </reporter-output>
        </test-method> <!-- launchApplication -->
        <test-method signature="test(java.util.HashMap)[pri:0, instance:seleniumFrameworkDesign.Tests.SubmitOrderTest@7eac9008]" started-at="2025-12-17T19:29:59 IST" name="test" data-provider="getDataFromExcel" finished-at="2025-12-17T19:29:59 IST" duration-ms="1" status="PASS">
          <params>
            <param index="0">
              <value>
                <![CDATA[{password=Pass@12345, email=pankil@gmail.com, productName=ZARA COAT}]]>
              </value>
            </param>
          </params>
          <reporter-output>
          </reporter-output>
        </test-method> <!-- test -->
        <test-method is-config="true" signature="closeApplication()[pri:0, instance:seleniumFrameworkDesign.Tests.SubmitOrderTest@7eac9008]" started-at="2025-12-17T19:29:59 IST" name="closeApplication" finished-at="2025-12-17T19:29:59 IST" duration-ms="177" status="PASS">
          <reporter-output>
          </reporter-output>
        </test-method> <!-- closeApplication -->
      </class> <!-- seleniumFrameworkDesign.Tests.SubmitOrderTest -->
    </test> <!-- Default test -->
  </suite> <!-- Default suite -->
</testng-results>
