<?xml version="1.0" encoding="UTF-8"?>
<testng-results ignored="0" total="1" passed="1" failed="0" skipped="0">
  <reporter-output>
  </reporter-output>
  <suite started-at="2025-12-29T22:00:09 IST" name="Default suite" finished-at="2025-12-29T22:00:21 IST" duration-ms="12525">
    <groups>
    </groups>
    <test started-at="2025-12-29T22:00:09 IST" name="Default test" finished-at="2025-12-29T22:00:21 IST" duration-ms="12525">
      <class name="seleniumFrameworkDesign.Tests.UploadDownloadTest">
        <test-method is-config="true" signature="launchUploadPage()[pri:0, instance:seleniumFrameworkDesign.Tests.UploadDownloadTest@77f1baf5]" started-at="2025-12-29T22:00:09 IST" name="launchUploadPage" finished-at="2025-12-29T22:00:12 IST" duration-ms="3608" status="PASS">
          <reporter-output>
          </reporter-output>
        </test-method> <!-- launchUploadPage -->
        <test-method signature="uploadFileTest()[pri:0, instance:seleniumFrameworkDesign.Tests.UploadDownloadTest@77f1baf5]" started-at="2025-12-29T22:00:12 IST" name="uploadFileTest" finished-at="2025-12-29T22:00:21 IST" duration-ms="8879" status="PASS">
          <reporter-output>
          </reporter-output>
        </test-method> <!-- uploadFileTest -->
      </class> <!-- seleniumFrameworkDesign.Tests.UploadDownloadTest -->
    </test> <!-- Default test -->
  </suite> <!-- Default suite -->
</testng-results>
