<?xml version="1.0" encoding="UTF-8"?>
<testng-results ignored="0" total="1" passed="1" failed="0" skipped="0">
  <reporter-output>
  </reporter-output>
  <suite started-at="2026-01-01T17:18:15 IST" name="Default suite" finished-at="2026-01-01T17:18:25 IST" duration-ms="10026">
    <groups>
    </groups>
    <test started-at="2026-01-01T17:18:15 IST" name="Default test" finished-at="2026-01-01T17:18:25 IST" duration-ms="10026">
      <class name="seleniumFrameworkDesign.Tests.UploadDownloadTest">
        <test-method is-config="true" signature="launchUploadPage()[pri:0, instance:seleniumFrameworkDesign.Tests.UploadDownloadTest@70325e14]" started-at="2026-01-01T17:18:15 IST" name="launchUploadPage" finished-at="2026-01-01T17:18:19 IST" duration-ms="3337" status="PASS">
          <reporter-output>
          </reporter-output>
        </test-method> <!-- launchUploadPage -->
        <test-method signature="uploadFileTest()[pri:0, instance:seleniumFrameworkDesign.Tests.UploadDownloadTest@70325e14]" started-at="2026-01-01T17:18:19 IST" name="uploadFileTest" finished-at="2026-01-01T17:18:25 IST" duration-ms="6668" status="PASS">
          <reporter-output>
          </reporter-output>
        </test-method> <!-- uploadFileTest -->
      </class> <!-- seleniumFrameworkDesign.Tests.UploadDownloadTest -->
    </test> <!-- Default test -->
  </suite> <!-- Default suite -->
</testng-results>
