<?xml version="1.0" encoding="UTF-8"?>
<!-- Generated by org.testng.reporters.JUnitReportReporter -->
<testsuite hostname="L75013" failures="0" tests="5" name="seleniumFrameworkDesign.Tests.SubmitOrderTest" time="22.270" errors="0" timestamp="2025-12-17T19:29:59 IST" skipped="0">
  <testcase classname="seleniumFrameworkDesign.Tests.SubmitOrderTest" name="test" time="3.536"/>
  <testcase classname="seleniumFrameworkDesign.Tests.SubmitOrderTest" name="test" time="4.657"/>
  <testcase classname="seleniumFrameworkDesign.Tests.SubmitOrderTest" name="test" time="3.409"/>
  <testcase classname="seleniumFrameworkDesign.Tests.SubmitOrderTest" name="test" time="5.531"/>
  <testcase classname="seleniumFrameworkDesign.Tests.SubmitOrderTest" name="test" time="5.137"/>
</testsuite> <!-- seleniumFrameworkDesign.Tests.SubmitOrderTest -->
