<?xml version="1.0" encoding="UTF-8"?>
<!-- Generated by org.testng.reporters.JUnitReportReporter -->
<testsuite hostname="L75013" failures="0" tests="2" name="seleniumFrameworkDesign.Tests.ErrorValidationTest" time="9.758" errors="0" timestamp="2025-12-12T18:08:24 IST" skipped="0">
  <testcase classname="seleniumFrameworkDesign.Tests.ErrorValidationTest" name="invalidPassword" time="4.597"/>
  <testcase classname="seleniumFrameworkDesign.Tests.ErrorValidationTest" name="invalidEmail" time="5.161"/>
</testsuite> <!-- seleniumFrameworkDesign.Tests.ErrorValidationTest -->
